0 info it worked if it ends with ok
1 verbose cli [ 'C:\\Program Files\\nodejs\\node.exe',
1 verbose cli   'C:\\Program Files\\nodejs\\node_modules\\npm\\bin\\npm-cli.js',
1 verbose cli   'install',
1 verbose cli   'connect',
1 verbose cli   'server-static' ]
2 info using npm@2.14.7
3 info using node@v4.2.1
4 verbose install initial load of C:\Users\guillermo.gallo\Desktop\cordova\workshop\www\package.json
5 verbose readDependencies loading dependencies from C:\Users\guillermo.gallo\Desktop\cordova\workshop\www\package.json
6 silly cache add args [ 'connect', null ]
7 verbose cache add spec connect
8 silly cache add args [ 'server-static', null ]
9 verbose cache add spec server-static
10 silly cache add parsed spec Result {
10 silly cache add   raw: 'connect',
10 silly cache add   scope: null,
10 silly cache add   name: 'connect',
10 silly cache add   rawSpec: '',
10 silly cache add   spec: '*',
10 silly cache add   type: 'range' }
11 silly addNamed connect@*
12 verbose addNamed "*" is a valid semver range for connect
13 silly addNameRange { name: 'connect', range: '*', hasData: false }
14 silly mapToRegistry name connect
15 silly mapToRegistry using default registry
16 silly mapToRegistry registry https://registry.npmjs.org/
17 silly mapToRegistry uri https://registry.npmjs.org/connect
18 verbose addNameRange registry:https://registry.npmjs.org/connect not in flight; fetching
19 silly cache add parsed spec Result {
19 silly cache add   raw: 'server-static',
19 silly cache add   scope: null,
19 silly cache add   name: 'server-static',
19 silly cache add   rawSpec: '',
19 silly cache add   spec: '*',
19 silly cache add   type: 'range' }
20 silly addNamed server-static@*
21 verbose addNamed "*" is a valid semver range for server-static
22 silly addNameRange { name: 'server-static', range: '*', hasData: false }
23 silly mapToRegistry name server-static
24 silly mapToRegistry using default registry
25 silly mapToRegistry registry https://registry.npmjs.org/
26 silly mapToRegistry uri https://registry.npmjs.org/server-static
27 verbose addNameRange registry:https://registry.npmjs.org/server-static not in flight; fetching
28 verbose request uri https://registry.npmjs.org/connect
29 verbose request no auth needed
30 info attempt registry request try #1 at 10:24:29 AM
31 verbose request id 5d60d1bb21173d16
32 http request GET https://registry.npmjs.org/connect
33 verbose request uri https://registry.npmjs.org/server-static
34 verbose request no auth needed
35 info attempt registry request try #1 at 10:24:29 AM
36 http request GET https://registry.npmjs.org/server-static
37 info retry will retry, error on last attempt: Error: connect ETIMEDOUT 199.27.76.162:443
38 info retry will retry, error on last attempt: Error: connect ETIMEDOUT 199.27.76.162:443
39 info attempt registry request try #2 at 10:25:00 AM
40 http request GET https://registry.npmjs.org/connect
41 info attempt registry request try #2 at 10:25:00 AM
42 http request GET https://registry.npmjs.org/server-static
43 info retry will retry, error on last attempt: Error: connect ETIMEDOUT 23.235.46.162:443
44 info retry will retry, error on last attempt: Error: connect ETIMEDOUT 23.235.46.162:443
45 info attempt registry request try #3 at 10:26:22 AM
46 http request GET https://registry.npmjs.org/server-static
47 info attempt registry request try #3 at 10:26:22 AM
48 http request GET https://registry.npmjs.org/connect
49 verbose stack Error: connect ETIMEDOUT 199.27.79.162:443
49 verbose stack     at Object.exports._errnoException (util.js:874:11)
49 verbose stack     at exports._exceptionWithHostPort (util.js:897:20)
49 verbose stack     at TCPConnectWrap.afterConnect [as oncomplete] (net.js:1063:14)
50 verbose cwd C:\Users\guillermo.gallo\Desktop\cordova\workshop\www
51 error Windows_NT 6.1.7601
52 error argv "C:\\Program Files\\nodejs\\node.exe" "C:\\Program Files\\nodejs\\node_modules\\npm\\bin\\npm-cli.js" "install" "connect" "server-static"
53 error node v4.2.1
54 error npm  v2.14.7
55 error code ETIMEDOUT
56 error errno ETIMEDOUT
57 error syscall connect
58 error network connect ETIMEDOUT 199.27.79.162:443
58 error network This is most likely not a problem with npm itself
58 error network and is related to network connectivity.
58 error network In most cases you are behind a proxy or have bad network settings.
58 error network
58 error network If you are behind a proxy, please make sure that the
58 error network 'proxy' config is set properly.  See: 'npm help config'
59 verbose exit [ 1, true ]
